<?xml version="1.0" encoding="UTF-8"?>
<testng-results skipped="0" failed="1" ignored="0" total="1" passed="0">
  <reporter-output>
  </reporter-output>
  <suite name="LearnAutomation" duration-ms="11241" started-at="2019-07-10T10:15:55Z" finished-at="2019-07-10T10:16:07Z">
    <groups>
    </groups>
    <test name="Test" duration-ms="11241" started-at="2019-07-10T10:15:55Z" finished-at="2019-07-10T10:16:07Z">
      <class name="tests.FillFormTest">
        <test-method status="FAIL" signature="fillForm()[pri:0, instance:tests.FillFormTest@3ffc5af1]" name="fillForm" duration-ms="11211" started-at="2019-07-10T10:15:55Z" description="Verification of Learn Automation" finished-at="2019-07-10T10:16:07Z">
          <exception class="java.lang.RuntimeException">
            <message>
              <![CDATA[java.lang.InstantiationException: pages.FillFormPage]]>
            </message>
            <full-stacktrace>
              <![CDATA[java.lang.RuntimeException: java.lang.InstantiationException: pages.FillFormPage
at org.openqa.selenium.support.PageFactory.instantiatePage(PageFactory.java:134)
at org.openqa.selenium.support.PageFactory.initElements(PageFactory.java:64)
at tests.FillFormTest.fillForm(FillFormTest.java:20)
at sun.reflect.NativeMethodAccessorImpl.invoke0(Native Method)
at sun.reflect.NativeMethodAccessorImpl.invoke(NativeMethodAccessorImpl.java:62)
at sun.reflect.DelegatingMethodAccessorImpl.invoke(DelegatingMethodAccessorImpl.java:43)
at java.lang.reflect.Method.invoke(Method.java:498)
at org.testng.internal.MethodInvocationHelper.invokeMethod(MethodInvocationHelper.java:124)
at org.testng.internal.Invoker.invokeMethod(Invoker.java:580)
at org.testng.internal.Invoker.invokeTestMethod(Invoker.java:716)
at org.testng.internal.Invoker.invokeTestMethods(Invoker.java:988)
at org.testng.internal.TestMethodWorker.invokeTestMethods(TestMethodWorker.java:125)
at org.testng.internal.TestMethodWorker.run(TestMethodWorker.java:109)
at org.testng.TestRunner.privateRun(TestRunner.java:648)
at org.testng.TestRunner.run(TestRunner.java:505)
at org.testng.SuiteRunner.runTest(SuiteRunner.java:455)
at org.testng.SuiteRunner.runSequentially(SuiteRunner.java:450)
at org.testng.SuiteRunner.privateRun(SuiteRunner.java:415)
at org.testng.SuiteRunner.run(SuiteRunner.java:364)
at org.testng.SuiteRunnerWorker.runSuite(SuiteRunnerWorker.java:52)
at org.testng.SuiteRunnerWorker.run(SuiteRunnerWorker.java:84)
at org.testng.TestNG.runSuitesSequentially(TestNG.java:1208)
at org.testng.TestNG.runSuitesLocally(TestNG.java:1137)
at org.testng.TestNG.runSuites(TestNG.java:1049)
at org.testng.TestNG.run(TestNG.java:1017)
at org.testng.remote.AbstractRemoteTestNG.run(AbstractRemoteTestNG.java:114)
at org.testng.remote.RemoteTestNG.initAndRun(RemoteTestNG.java:251)
at org.testng.remote.RemoteTestNG.main(RemoteTestNG.java:77)
Caused by: java.lang.InstantiationException: pages.FillFormPage
at java.lang.Class.newInstance(Class.java:427)
at org.openqa.selenium.support.PageFactory.instantiatePage(PageFactory.java:131)
... 27 more
Caused by: java.lang.NoSuchMethodException: pages.FillFormPage.<init>()
at java.lang.Class.getConstructor0(Class.java:3082)
at java.lang.Class.newInstance(Class.java:412)
... 28 more
]]>
            </full-stacktrace>
          </exception> <!-- java.lang.RuntimeException -->
          <reporter-output>
          </reporter-output>
        </test-method> <!-- fillForm -->
      </class> <!-- tests.FillFormTest -->
    </test> <!-- Test -->
  </suite> <!-- LearnAutomation -->
</testng-results>
